<?xml version="1.0" encoding="UTF-8"?>
<testsuite xmlns:xsi="http://www.w3.org/2001/XMLSchema-instance" xsi:noNamespaceSchemaLocation="https://maven.apache.org/surefire/maven-surefire-plugin/xsd/surefire-test-report-3.0.xsd" version="3.0" name="org.tektutor.main.MainTest" time="0.035" tests="1" errors="0" skipped="0" failures="0">
  <properties>
    <property name="java.specification.version" value="17"/>
    <property name="sun.jnu.encoding" value="UTF-8"/>
    <property name="java.class.path" value="/home/jegan/devops-feb-2023/Day2/profiles/multi-module-project/main/target/test-classes:/home/jegan/devops-feb-2023/Day2/profiles/multi-module-project/main/target/classes:/home/jegan/devops-feb-2023/Day2/profiles/multi-module-project/frontend/target/frontend-1.0.0.jar:/home/jegan/devops-feb-2023/Day2/profiles/multi-module-project/businesslayer/target/businesslayer-1.0.0.jar:/home/jegan/devops-feb-2023/Day2/profiles/multi-module-project/backend/target/backend-1.0.0.jar:/home/jegan/.m2/repository/junit/junit/4.12/junit-4.12.jar:/home/jegan/.m2/repository/org/hamcrest/hamcrest-core/1.3/hamcrest-core-1.3.jar:"/>
    <property name="java.vm.vendor" value="Oracle Corporation"/>
    <property name="sun.arch.data.model" value="64"/>
    <property name="java.vendor.url" value="https://java.oracle.com/"/>
    <property name="os.name" value="Linux"/>
    <property name="java.vm.specification.version" value="17"/>
    <property name="sun.java.launcher" value="SUN_STANDARD"/>
    <property name="user.country" value="US"/>
    <property name="sun.boot.library.path" value="/opt/jdk-17/lib"/>
    <property name="sun.java.command" value="/home/jegan/devops-feb-2023/Day2/profiles/multi-module-project/main/target/surefire/surefirebooter-20230221124933541_12.jar /home/jegan/devops-feb-2023/Day2/profiles/multi-module-project/main/target/surefire 2023-02-21T12-49-32_496-jvmRun1 surefire-20230221124933541_10tmp surefire_3-20230221124933541_11tmp"/>
    <property name="jdk.debug" value="release"/>
    <property name="surefire.test.class.path" value="/home/jegan/devops-feb-2023/Day2/profiles/multi-module-project/main/target/test-classes:/home/jegan/devops-feb-2023/Day2/profiles/multi-module-project/main/target/classes:/home/jegan/devops-feb-2023/Day2/profiles/multi-module-project/frontend/target/frontend-1.0.0.jar:/home/jegan/devops-feb-2023/Day2/profiles/multi-module-project/businesslayer/target/businesslayer-1.0.0.jar:/home/jegan/devops-feb-2023/Day2/profiles/multi-module-project/backend/target/backend-1.0.0.jar:/home/jegan/.m2/repository/junit/junit/4.12/junit-4.12.jar:/home/jegan/.m2/repository/org/hamcrest/hamcrest-core/1.3/hamcrest-core-1.3.jar:"/>
    <property name="sun.cpu.endian" value="little"/>
    <property name="user.home" value="/home/jegan"/>
    <property name="user.language" value="en"/>
    <property name="java.specification.vendor" value="Oracle Corporation"/>
    <property name="java.version.date" value="2021-09-14"/>
    <property name="java.home" value="/opt/jdk-17"/>
    <property name="file.separator" value="/"/>
    <property name="basedir" value="/home/jegan/devops-feb-2023/Day2/profiles/multi-module-project/main"/>
    <property name="java.vm.compressedOopsMode" value="Zero based"/>
    <property name="line.separator" value="&#10;"/>
    <property name="java.vm.specification.vendor" value="Oracle Corporation"/>
    <property name="java.specification.name" value="Java Platform API Specification"/>
    <property name="surefire.real.class.path" value="/home/jegan/devops-feb-2023/Day2/profiles/multi-module-project/main/target/surefire/surefirebooter-20230221124933541_12.jar"/>
    <property name="sun.management.compiler" value="HotSpot 64-Bit Tiered Compilers"/>
    <property name="java.runtime.version" value="17+35-2724"/>
    <property name="user.name" value="jegan"/>
    <property name="path.separator" value=":"/>
    <property name="os.version" value="6.0.7-301.fc37.x86_64"/>
    <property name="java.runtime.name" value="OpenJDK Runtime Environment"/>
    <property name="file.encoding" value="UTF-8"/>
    <property name="java.vm.name" value="OpenJDK 64-Bit Server VM"/>
    <property name="localRepository" value="/home/jegan/.m2/repository"/>
    <property name="java.vendor.url.bug" value="https://bugreport.java.com/bugreport/"/>
    <property name="java.io.tmpdir" value="/tmp"/>
    <property name="java.version" value="17"/>
    <property name="user.dir" value="/home/jegan/devops-feb-2023/Day2/profiles/multi-module-project/main"/>
    <property name="os.arch" value="amd64"/>
    <property name="java.vm.specification.name" value="Java Virtual Machine Specification"/>
    <property name="native.encoding" value="UTF-8"/>
    <property name="java.library.path" value="/usr/java/packages/lib:/usr/lib64:/lib64:/lib:/usr/lib"/>
    <property name="java.vm.info" value="mixed mode, sharing"/>
    <property name="java.vendor" value="Oracle Corporation"/>
    <property name="java.vm.version" value="17+35-2724"/>
    <property name="sun.io.unicode.encoding" value="UnicodeLittle"/>
    <property name="java.class.version" value="61.0"/>
  </properties>
  <testcase name="testMain" classname="org.tektutor.main.MainTest" time="0"/>
</testsuite>